[2018-03-21 04:54:18]::1------hemiao
[2018-03-21 04:55:47]127.0.0.1------hemiao
[2018-03-21 13:55:18]127.0.0.1------hemiao
[2018-03-21 13:56:28]127.0.0.1------hemiao
[2018-03-21 13:56:59]127.0.0.1------hemiao
[2018-03-21 14:16:22]127.0.0.1------test
[2018-03-21 14:16:22]127.0.0.1------login
[2018-03-21 16:36:27]127.0.0.1------user
[2018-03-21 16:37:25]127.0.0.1------user
[2018-03-21 16:37:45]127.0.0.1------user
[2018-03-21 16:37:54]127.0.0.1------user
[2018-03-21 16:45:03]127.0.0.1------user/edit/1
[2018-03-21 16:49:25]127.0.0.1------user/delete/1
[2018-03-21 16:49:41]127.0.0.1------udelete
[2018-03-21 16:49:49]127.0.0.1------udelete/1
[2018-03-21 16:50:13]127.0.0.1------udelete/1
[2018-03-21 16:50:14]127.0.0.1------udelete
[2018-03-21 16:50:15]127.0.0.1------udelete
[2018-03-21 16:50:21]127.0.0.1------/
[2018-03-21 16:50:24]127.0.0.1------/
[2018-03-21 16:50:25]127.0.0.1------udelete
[2018-03-21 16:50:26]127.0.0.1------user
[2018-03-21 16:50:28]127.0.0.1------user/delete/1
[2018-03-21 16:50:30]127.0.0.1------user/delete/1
[2018-03-21 16:50:52]127.0.0.1------udelete
[2018-03-21 16:50:53]127.0.0.1------udelete
[2018-03-21 16:52:32]127.0.0.1------udelete
[2018-03-21 16:52:44]127.0.0.1------udelete
[2018-03-21 16:52:54]127.0.0.1------udelete
[2018-03-21 16:52:54]127.0.0.1------udelete
[2018-03-21 16:52:55]127.0.0.1------udelete
[2018-03-21 16:55:40]::1------/
[2018-03-21 16:55:46]::1------/
[2018-03-21 16:55:46]::1------udelete
[2018-03-21 16:55:51]::1------udelete
[2018-03-21 16:55:53]::1------/
[2018-03-21 16:56:03]::1------/
[2018-03-21 16:56:04]::1------udelete
[2018-03-21 16:56:16]::1------user/delete
[2018-03-21 16:56:28]::1------user/delete
[2018-03-21 16:56:31]::1------user/delete/1
[2018-03-21 16:59:01]::1------udelete/1
[2018-03-21 16:59:04]::1------udelete
[2018-03-21 16:59:04]::1------udelete
[2018-03-21 16:59:09]::1------udelete/1
[2018-03-21 16:59:09]::1------udelete/1
[2018-03-21 16:59:20]::1------udelete/1
[2018-03-21 16:59:24]::1------udelete
[2018-03-21 16:59:24]::1------udelete
[2018-03-21 16:59:25]::1------udelete
[2018-03-21 16:59:26]::1------udelete
[2018-03-21 16:59:32]::1------udelete
[2018-03-21 16:59:33]::1------udelete
[2018-03-21 16:59:58]::1------udelete
[2018-03-21 17:00:32]::1------test
[2018-03-21 17:00:32]::1------login
[2018-03-21 17:00:32]::1------test
[2018-03-21 17:00:32]::1------login
[2018-03-21 17:00:37]::1------test
[2018-03-21 17:00:37]::1------login
[2018-03-21 17:00:38]::1------tes
[2018-03-21 17:01:00]::1------tes
[2018-03-21 17:07:51]::1------tes
[2018-03-21 17:07:54]::1------test
[2018-03-21 17:07:55]::1------/
[2018-03-21 17:07:55]::1------profile
[2018-03-21 17:07:58]::1------path
[2018-03-21 17:08:16]::1------udelete
[2018-03-21 17:08:16]::1------udelete
[2018-03-21 17:09:15]::1------udelete
[2018-03-21 17:09:16]::1------udelete
[2018-03-21 17:13:09]::1------/
[2018-03-21 17:13:15]::1------udelete
[2018-03-21 17:13:15]::1------udelete
[2018-03-21 17:13:51]::1------udelete
[2018-03-21 17:13:52]::1------udelete
[2018-03-22 12:10:33]::1------/
[2018-03-22 12:10:35]::1------/
[2018-03-22 12:10:36]::1------user
[2018-03-22 12:10:38]::1------user
[2018-03-22 12:11:43]::1------user
[2018-03-22 12:12:03]::1------user
[2018-03-22 12:12:10]::1------user
[2018-03-22 15:03:22]::1------user
[2018-03-22 15:03:24]::1------user
[2018-03-23 15:40:33]::1------/
[2018-03-23 15:40:41]::1------phpmyamdin
[2018-03-23 15:41:01]::1------phpmyamdin/index.php
[2018-03-23 15:41:11]127.0.0.1------/
[2018-03-23 15:43:11]127.0.0.1------/
[2018-03-23 15:43:11]127.0.0.1------/
[2018-03-23 15:43:47]127.0.0.1------/
[2018-03-23 20:12:23]::1------hemiao
[2018-03-23 20:27:50]::1------hemiao
[2018-03-23 21:33:10]::1------hemiao
[2018-03-25 19:14:24]::1------docs-assets/ico/favicon.png
[2018-03-25 19:14:24]::1------apple-touch-icon-precomposed.png
[2018-03-25 19:14:24]::1------apple-touch-icon.png
[2018-03-25 19:14:28]::1------docs-assets/ico/favicon.png
[2018-03-25 19:14:32]::1------user
[2018-03-26 14:12:06]::1------login
[2018-03-26 14:12:22]::1------login
[2018-03-26 14:12:23]::1------login
[2018-03-26 14:12:51]::1------login
[2018-03-26 14:12:58]::1------login
[2018-03-26 14:12:59]::1------login
[2018-03-26 14:13:47]::1------login
[2018-03-26 14:14:05]::1------login
[2018-03-26 14:14:22]::1------login
[2018-03-26 14:14:35]::1------login
[2018-03-26 14:14:46]::1------login
[2018-03-26 14:17:54]::1------login
[2018-03-26 14:18:08]::1------login
[2018-03-26 14:19:29]::1------login
[2018-03-26 14:19:45]::1------login
[2018-03-26 14:19:56]::1------login
[2018-03-26 14:19:57]::1------login
[2018-03-26 14:20:38]::1------login
[2018-03-26 14:21:07]::1------login
[2018-03-26 14:21:22]::1------login
[2018-03-26 14:21:45]::1------login
[2018-03-26 14:21:46]::1------login
[2018-03-26 14:23:20]::1------login
[2018-03-26 14:23:20]::1------login
[2018-03-26 14:23:35]::1------login
[2018-03-26 14:23:45]::1------login
[2018-03-26 14:31:25]::1------login
[2018-03-26 14:31:26]::1------login
[2018-03-26 14:33:07]::1------login
[2018-03-26 14:33:08]::1------login
[2018-03-26 14:33:09]::1------login
[2018-03-26 14:36:30]::1------login
[2018-03-26 14:36:47]::1------login
[2018-03-26 14:38:29]::1------login
[2018-03-26 14:43:24]::1------login
[2018-03-26 15:32:38]::1------login
[2018-03-26 15:32:39]::1------login
[2018-03-26 15:32:59]::1------login
[2018-03-26 15:33:00]::1------login
[2018-03-26 15:33:01]::1------login
[2018-03-26 15:33:01]::1------login
[2018-03-26 15:33:01]::1------login
[2018-03-26 15:33:01]::1------login
[2018-03-26 15:33:02]::1------login
[2018-03-26 15:33:31]::1------login
[2018-03-26 15:33:31]::1------login
[2018-03-26 15:33:31]::1------login
[2018-03-26 15:33:32]::1------login
[2018-03-26 15:33:32]::1------login
[2018-03-26 15:33:33]::1------login
[2018-03-26 15:33:37]::1------login
[2018-03-26 15:33:38]::1------login
[2018-03-26 15:33:46]::1------login
[2018-03-26 15:33:47]::1------login
[2018-03-26 15:33:47]::1------login
[2018-03-26 15:33:47]::1------login
[2018-03-26 15:33:48]::1------login
[2018-03-26 15:34:11]::1------login
[2018-03-26 15:34:43]::1------login
[2018-03-26 15:34:44]::1------bootstrap3/css/bootstrap-theme.min.css
[2018-03-26 15:34:44]::1------bootstrap3/css/bootstrap.min.css
[2018-03-26 15:34:44]::1------js/jquery.validate.min.js
[2018-03-26 15:34:44]::1------js/messages.js
[2018-03-26 15:34:44]::1------js/check.js
[2018-03-26 15:34:44]::1------images/00.jpg
[2018-03-26 15:34:52]::1------login
[2018-03-26 15:34:53]::1------js/check.js
[2018-03-26 15:34:53]::1------js/messages.js
[2018-03-26 15:34:53]::1------bootstrap3/css/bootstrap.min.css
[2018-03-26 15:34:53]::1------bootstrap3/css/bootstrap-theme.min.css
[2018-03-26 15:34:53]::1------js/jquery.validate.min.js
[2018-03-26 15:34:53]::1------js/messages.js
[2018-03-26 15:34:53]::1------js/check.js
[2018-03-26 15:34:53]::1------images/00.jpg
[2018-03-26 15:53:10]::1------home
[2018-03-26 15:53:56]::1------home
[2018-03-26 15:59:26]::1------home
[2018-03-26 15:59:39]::1------tables.html
[2018-03-26 16:00:05]::1------home
[2018-03-26 16:00:07]::1------home
[2018-03-26 16:00:07]::1------home
[2018-03-26 16:00:08]::1------home
[2018-03-26 16:00:08]::1------home
[2018-03-26 16:00:09]::1------home
[2018-03-26 16:02:52]::1------home
[2018-03-26 16:02:53]::1------home
[2018-03-26 16:04:38]::1------home
[2018-03-26 16:06:26]::1------home
[2018-03-26 16:06:52]::1------home
[2018-03-26 16:09:29]::1------index.html
[2018-03-26 16:09:34]::1------index.html
[2018-03-26 16:09:41]::1------widgets.html
[2018-03-26 16:17:49]::1------home
[2018-03-26 16:28:26]::1------home
[2018-03-26 16:28:29]::1------home
[2018-03-26 16:30:09]::1------calendar.html
[2018-03-26 16:30:15]::1------gallery.html
[2018-03-26 16:31:52]::1------home
[2018-03-26 16:31:57]::1------home
[2018-03-26 16:32:08]::1------index.html
[2018-03-26 16:32:18]::1------home
[2018-03-26 16:32:26]::1------blank.html
[2018-03-26 16:32:33]::1------index.html
[2018-03-26 16:35:03]::1------home
[2018-03-26 16:38:42]::1------home
[2018-03-26 16:43:03]::1------home
[2018-03-26 16:43:11]::1------home
[2018-03-26 16:43:27]::1------home
[2018-03-26 16:43:38]::1------widgets.html
[2018-03-26 16:43:52]::1------home
[2018-03-26 16:45:48]::1------home
[2018-03-26 16:45:49]::1------home
[2018-03-26 16:46:34]::1------home
[2018-03-26 16:47:20]::1------home
[2018-03-26 16:47:40]::1------home
[2018-03-26 16:47:42]::1------home
[2018-03-26 16:47:42]::1------home
[2018-03-26 16:47:44]::1------faq.html
[2018-03-26 16:48:04]::1------home
[2018-03-26 16:49:20]::1------home
[2018-03-26 16:49:22]::1------home
[2018-03-26 16:49:33]::1------home
[2018-03-26 16:49:35]::1------home
[2018-03-26 16:52:46]::1------home
[2018-03-26 16:52:47]::1------home
[2018-03-26 16:52:47]::1------home
[2018-03-26 16:52:47]::1------home
[2018-03-26 16:52:48]::1------home
[2018-03-26 16:52:48]::1------home
[2018-03-26 16:53:05]::1------home
[2018-03-26 16:53:13]::1------typography.html
[2018-03-26 16:53:37]::1------home
[2018-03-26 16:53:38]::1------home
[2018-03-26 16:54:24]::1------gallery.html
[2018-03-26 16:56:57]::1------home
[2018-03-26 16:58:18]::1------home
[2018-03-26 16:58:22]::1------home
[2018-03-26 16:58:38]::1------profile.html
[2018-03-26 16:59:01]::1------index.html
[2018-03-26 17:09:49]::1------login
[2018-03-26 17:09:50]::1------assets/css/fonts/ptsans/stylesheet.css
[2018-03-26 17:09:50]::1------assets/js/libs/jquery-1.8.3.min.js
[2018-03-26 17:09:50]::1------assets/css/login.css
[2018-03-26 17:09:50]::1------assets/js/libs/jquery.placeholder.min.js
[2018-03-26 17:09:50]::1------assets/css/mws-theme.css
[2018-03-26 17:09:50]::1------assets/css/fonts/icomoon/style.css
[2018-03-26 17:09:50]::1------assets/custom-plugins/fileinput.js
[2018-03-26 17:09:50]::1------assets/plugins/validate/jquery.validate-min.js
[2018-03-26 17:09:50]::1------assets/js/core/login.js
[2018-03-26 17:09:50]::1------assets/jui/js/jquery-ui-effects.min.js
[2018-03-26 17:09:50]::1------assets/js/libs/jquery.placeholder.min.js
[2018-03-26 17:09:50]::1------assets/custom-plugins/fileinput.js
[2018-03-26 17:09:50]::1------assets/jui/js/jquery-ui-effects.min.js
[2018-03-26 17:09:50]::1------assets/plugins/validate/jquery.validate-min.js
[2018-03-26 17:09:50]::1------assets/js/core/login.js
[2018-03-26 20:00:06]::1------login
[2018-03-26 20:17:25]::1------login
[2018-03-26 20:17:42]::1------login
[2018-03-26 20:18:16]::1------login
[2018-03-26 20:18:28]::1------login
[2018-03-26 20:18:43]::1------login
[2018-03-26 20:19:07]::1------login
[2018-03-26 20:19:19]::1------login
[2018-03-26 20:19:50]::1------login
[2018-03-26 20:19:51]::1------login
[2018-03-26 21:03:53]::1------login
[2018-03-26 21:04:39]::1------login
[2018-03-26 21:06:40]::1------login
[2018-03-26 21:08:29]::1------login
[2018-03-26 21:09:12]::1------login
[2018-03-26 21:13:52]::1------login
[2018-03-26 21:17:03]::1------login
[2018-03-26 21:17:04]::1------login
[2018-03-26 21:17:23]::1------login
[2018-03-26 21:17:24]::1------login
[2018-03-26 21:17:27]::1------login
[2018-03-26 21:17:54]::1------login
[2018-03-26 21:18:20]::1------login
[2018-03-26 21:21:19]::1------login
[2018-03-26 21:21:20]::1------login
[2018-03-26 21:21:27]::1------login
[2018-03-26 21:21:35]::1------login
[2018-03-26 21:21:37]::1------login
[2018-03-26 21:21:41]::1------login
[2018-03-26 21:21:42]::1------login
[2018-03-26 21:21:44]::1------login
[2018-03-26 21:23:48]::1------login
[2018-03-26 21:23:58]::1------login
[2018-03-26 22:34:36]::1------login
[2018-03-26 22:43:08]::1------login
[2018-03-26 22:43:15]::1------login
[2018-03-26 22:43:17]::1------login
[2018-03-26 22:43:29]::1------login
[2018-03-26 22:43:30]::1------login
[2018-03-26 22:43:30]::1------login
[2018-03-26 22:43:31]::1------login
[2018-03-26 22:43:32]::1------login
[2018-03-26 22:43:42]::1------login
[2018-03-26 22:44:13]::1------login
[2018-03-26 22:44:55]::1------login
[2018-03-26 22:44:58]::1------login
[2018-03-26 22:47:08]::1------login
[2018-03-26 22:47:23]::1------login
[2018-03-26 22:47:41]::1------login
[2018-03-26 23:27:25]::1------login
[2018-03-26 23:32:46]::1------login
[2018-03-26 23:32:52]::1------login
[2018-03-26 23:37:42]::1------login
[2018-03-26 23:38:29]::1------login
[2018-03-26 23:38:31]::1------login
[2018-03-26 23:39:27]::1------login
[2018-03-26 23:39:31]::1------login
[2018-03-26 23:40:07]::1------login
[2018-03-26 23:40:15]::1------login
[2018-03-26 23:40:16]::1------login
[2018-03-26 23:40:16]::1------login
[2018-03-26 23:40:20]::1------login
[2018-03-26 23:40:21]::1------login
[2018-03-26 23:40:30]::1------login
[2018-03-26 23:40:47]::1------login
[2018-03-26 23:40:48]::1------login
[2018-03-26 23:41:05]::1------login
[2018-03-26 23:41:21]::1------login
[2018-03-26 23:41:22]::1------login
[2018-03-26 23:41:24]::1------login
[2018-03-26 23:42:26]::1------login
[2018-03-26 23:42:32]::1------login
[2018-03-26 23:43:07]::1------login
[2018-03-26 23:43:13]::1------login
[2018-03-26 23:43:19]::1------login
[2018-03-26 23:43:31]::1------login
[2018-03-26 23:45:12]::1------login
[2018-03-26 23:45:16]::1------login
[2018-03-26 23:45:21]::1------login
[2018-03-26 23:46:07]::1------login
[2018-03-26 23:46:22]::1------login
[2018-03-26 23:47:40]::1------login
[2018-03-26 23:48:16]::1------login
[2018-03-26 23:48:18]::1------login
[2018-03-26 23:49:02]::1------login
[2018-03-26 23:49:03]::1------login
[2018-03-26 23:49:06]::1------login
[2018-03-26 23:49:08]::1------login
[2018-03-26 23:50:29]::1------login
[2018-03-26 23:50:40]::1------login
[2018-03-26 23:52:45]::1------login
[2018-03-26 23:53:45]::1------login
[2018-03-26 23:53:46]::1------login
[2018-03-26 23:53:47]::1------login
[2018-03-26 23:53:57]::1------login
[2018-03-26 23:54:32]::1------login
[2018-03-26 23:54:43]::1------login
[2018-03-26 23:54:50]::1------login
[2018-03-26 23:56:03]::1------login
[2018-03-26 23:56:05]::1------login
[2018-03-27 10:59:38]::1------login
[2018-03-27 10:59:44]::1------login
[2018-03-27 10:59:55]::1------login
[2018-03-27 11:44:23]::1------login
[2018-03-27 15:35:00]::1------login
[2018-03-27 15:35:08]::1------login
[2018-03-27 15:35:09]::1------login
[2018-03-27 15:35:13]::1------login
[2018-03-27 15:35:50]::1------login
[2018-03-27 15:36:05]::1------login
[2018-03-27 15:36:16]::1------login
[2018-03-27 15:36:59]::1------login
[2018-03-27 15:41:28]::1------login
[2018-03-27 15:41:39]::1------login
[2018-03-27 15:41:58]::1------login
[2018-03-27 15:42:12]::1------login
[2018-03-27 15:42:28]::1------login
[2018-03-27 15:42:37]::1------login
[2018-03-27 15:43:03]::1------login
[2018-03-27 15:43:17]::1------login
[2018-03-27 15:43:26]::1------login
[2018-03-27 15:43:35]::1------login
[2018-03-27 15:45:14]::1------login
[2018-03-27 15:45:34]::1------login
[2018-03-27 15:45:56]::1------login
[2018-03-27 15:46:05]::1------login
[2018-03-27 15:46:14]::1------login
[2018-03-27 15:46:26]::1------login
[2018-03-27 17:18:21]::1------login
[2018-03-27 17:19:46]::1------login
[2018-03-27 17:19:59]::1------login
[2018-03-27 17:20:19]::1------login
[2018-03-27 17:22:47]::1------login
[2018-03-27 17:23:26]::1------login
[2018-03-27 17:24:33]::1------login
[2018-03-27 17:24:39]::1------login
[2018-03-27 17:25:15]::1------login
[2018-03-27 17:25:21]::1------login
[2018-03-27 17:25:58]::1------login
[2018-03-27 17:26:06]::1------login
[2018-03-27 17:26:08]::1------login
[2018-03-27 17:26:10]::1------login
[2018-03-27 17:27:46]::1------login
[2018-03-27 17:48:04]::1------login
[2018-03-27 17:48:35]::1------login
[2018-03-27 17:48:36]::1------login
[2018-03-27 17:48:43]::1------login
[2018-03-27 17:48:44]::1------login
[2018-03-27 17:48:58]::1------login
[2018-03-27 17:49:31]::1------login
[2018-03-27 17:50:09]::1------login
[2018-03-27 17:50:31]::1------login
[2018-03-27 17:50:40]::1------login
[2018-03-27 17:50:54]::1------login
[2018-03-27 17:51:04]::1------login
[2018-03-27 17:51:04]::1------home
[2018-03-27 17:51:06]::1------login
[2018-03-27 17:51:09]::1------login
[2018-03-27 17:51:25]::1------login
[2018-03-27 17:51:29]::1------login
[2018-03-27 17:51:30]::1------login
[2018-03-27 17:51:56]::1------login
[2018-03-27 17:51:56]::1------login
[2018-03-27 17:52:00]::1------login
[2018-03-27 17:52:01]::1------login
[2018-03-27 17:52:17]::1------login
[2018-03-27 17:52:18]::1------login
[2018-03-27 17:53:48]::1------login
[2018-03-27 17:53:49]::1------login
[2018-03-27 17:54:06]::1------login
[2018-03-27 17:54:09]::1------login
[2018-03-27 17:54:10]::1------login
[2018-03-27 17:54:46]::1------login
[2018-03-27 17:54:47]::1------login
[2018-03-27 17:55:34]::1------login
[2018-03-27 17:55:35]::1------login
[2018-03-27 17:55:42]::1------login
[2018-03-27 17:55:49]::1------login
[2018-03-27 17:55:57]::1------login
[2018-03-27 17:55:59]::1------login
[2018-03-27 17:57:03]::1------login
[2018-03-27 17:57:37]::1------login
[2018-03-27 17:57:47]::1------login
[2018-03-27 17:57:51]::1------login
[2018-03-27 17:57:51]::1------login
[2018-03-27 18:00:00]::1------login
[2018-03-27 18:00:07]::1------login
[2018-03-27 18:00:18]::1------login
[2018-03-27 18:00:26]::1------login
[2018-03-27 18:00:27]::1------login
[2018-03-27 18:00:44]::1------login
[2018-03-27 18:00:56]::1------login
[2018-03-27 18:00:57]::1------login
[2018-03-27 22:36:47]::1------login
